# JRE version: OpenJDK Runtime Environment Temurin-17.0.11+9 (17.0.11+9) (build 17.0.11+9)
# Java VM: OpenJDK Client VM Temurin-17.0.11+9 (17.0.11+9, mixed mode, emulated-client, serial gc, windows-x86)
GC Precious Log:
 CPUs: 16 total, 16 available
 Memory: 16024M
 Large Page Support: Disabled
 NUMA Support: Disabled
 Compressed Oops: Disabled
 Heap Min Capacity: 6M
 Heap Initial Capacity: 16M
 Heap Max Capacity: 1536M
 Pre-touch: Disabled
Heap:
 def new generation   total 254272K, used 113739K [0x05000000, 0x163e0000, 0x25000000)
  eden space 226048K,  41% used [0x05000000, 0x0ab99d50, 0x12cc0000)
  from space 28224K,  70% used [0x14850000, 0x15bc9198, 0x163e0000)
  to   space 28224K,   0% used [0x12cc0000, 0x12cc0000, 0x14850000)
 tenured generation   total 562876K, used 337724K [0x25000000, 0x475af000, 0x65000000)
   the space 562876K,  59% used [0x25000000, 0x399cf000, 0x399cf000, 0x475af000)
 Metaspace       used 97170K, committed 97664K, reserved 98304K
GC Heap History (20 events):
Event: 223.097 GC heap before
{Heap before GC invocations=243 (full 8):
 def new generation   total 152320K, used 152320K [0x05000000, 0x0f540000, 0x25000000)
  eden space 135424K, 100% used [0x05000000, 0x0d440000, 0x0d440000)
  from space 16896K, 100% used [0x0e4c0000, 0x0f540000, 0x0f540000)
  to   space 16896K,   0% used [0x0d440000, 0x0d440000, 0x0e4c0000)
 tenured generation   total 336316K, used 214713K [0x25000000, 0x3986f000, 0x65000000)
   the space 336316K,  63% used [0x25000000, 0x321ae598, 0x321ae600, 0x3986f000)
 Metaspace       used 89831K, committed 90496K, reserved 98304K
}
Event: 223.186 GC heap after
{Heap after GC invocations=244 (full 8):
 def new generation   total 152320K, used 16896K [0x05000000, 0x0f540000, 0x25000000)
  eden space 135424K,   0% used [0x05000000, 0x05000000, 0x0d440000)
  from space 16896K, 100% used [0x0d440000, 0x0e4c0000, 0x0e4c0000)
  to   space 16896K,   0% used [0x0e4c0000, 0x0e4c0000, 0x0f540000)
 tenured generation   total 336316K, used 246357K [0x25000000, 0x3986f000, 0x65000000)
   the space 336316K,  73% used [0x25000000, 0x34095628, 0x34095800, 0x3986f000)
 Metaspace       used 89831K, committed 90496K, reserved 98304K
}
Event: 223.577 GC heap before
{Heap before GC invocations=244 (full 8):
 def new generation   total 152320K, used 152320K [0x05000000, 0x0f540000, 0x25000000)
  eden space 135424K, 100% used [0x05000000, 0x0d440000, 0x0d440000)
  from space 16896K, 100% used [0x0d440000, 0x0e4c0000, 0x0e4c0000)
  to   space 16896K,   0% used [0x0e4c0000, 0x0e4c0000, 0x0f540000)
 tenured generation   total 336316K, used 246357K [0x25000000, 0x3986f000, 0x65000000)
   the space 336316K,  73% used [0x25000000, 0x34095628, 0x34095800, 0x3986f000)
 Metaspace       used 91336K, committed 91776K, reserved 98304K
}
Event: 223.639 GC heap after
{Heap after GC invocations=245 (full 8):
 def new generation   total 152320K, used 16895K [0x05000000, 0x0f540000, 0x25000000)
  eden space 135424K,   0% used [0x05000000, 0x05000000, 0x0d440000)
  from space 16896K,  99% used [0x0e4c0000, 0x0f53fff8, 0x0f540000)
  to   space 16896K,   0% used [0x0d440000, 0x0d440000, 0x0e4c0000)
 tenured generation   total 336316K, used 269034K [0x25000000, 0x3986f000, 0x65000000)
   the space 336316K,  79% used [0x25000000, 0x356baa40, 0x356bac00, 0x3986f000)
 Metaspace       used 91336K, committed 91776K, reserved 98304K
}
Event: 223.691 GC heap before
{Heap before GC invocations=245 (full 8):
 def new generation   total 152320K, used 152319K [0x05000000, 0x0f540000, 0x25000000)
  eden space 135424K, 100% used [0x05000000, 0x0d440000, 0x0d440000)
  from space 16896K,  99% used [0x0e4c0000, 0x0f53fff8, 0x0f540000)
  to   space 16896K,   0% used [0x0d440000, 0x0d440000, 0x0e4c0000)
 tenured generation   total 336316K, used 269034K [0x25000000, 0x3986f000, 0x65000000)
   the space 336316K,  79% used [0x25000000, 0x356baa40, 0x356bac00, 0x3986f000)
 Metaspace       used 91337K, committed 91776K, reserved 98304K
}
Event: 223.716 GC heap after
{Heap after GC invocations=246 (full 8):
 def new generation   total 152320K, used 2297K [0x05000000, 0x0f540000, 0x25000000)
  eden space 135424K,   0% used [0x05000000, 0x05000000, 0x0d440000)
  from space 16896K,  13% used [0x0d440000, 0x0d67e5b8, 0x0e4c0000)
  to   space 16896K,   0% used [0x0e4c0000, 0x0e4c0000, 0x0f540000)
 tenured generation   total 336316K, used 285783K [0x25000000, 0x3986f000, 0x65000000)
   the space 336316K,  84% used [0x25000000, 0x36715ef8, 0x36716000, 0x3986f000)
 Metaspace       used 91337K, committed 91776K, reserved 98304K
}
Event: 224.107 GC heap before
{Heap before GC invocations=246 (full 8):
 def new generation   total 152320K, used 137721K [0x05000000, 0x0f540000, 0x25000000)
  eden space 135424K, 100% used [0x05000000, 0x0d440000, 0x0d440000)
  from space 16896K,  13% used [0x0d440000, 0x0d67e5b8, 0x0e4c0000)
  to   space 16896K,   0% used [0x0e4c0000, 0x0e4c0000, 0x0f540000)
 tenured generation   total 336316K, used 285783K [0x25000000, 0x3986f000, 0x65000000)
   the space 336316K,  84% used [0x25000000, 0x36715ef8, 0x36716000, 0x3986f000)
 Metaspace       used 93707K, committed 94208K, reserved 98304K
}
Event: 224.123 GC heap after
{Heap after GC invocations=247 (full 8):
 def new generation   total 152320K, used 15690K [0x05000000, 0x0f540000, 0x25000000)
  eden space 135424K,   0% used [0x05000000, 0x05000000, 0x0d440000)
  from space 16896K,  92% used [0x0e4c0000, 0x0f412aa8, 0x0f540000)
  to   space 16896K,   0% used [0x0d440000, 0x0d440000, 0x0e4c0000)
 tenured generation   total 336316K, used 285783K [0x25000000, 0x3986f000, 0x65000000)
   the space 336316K,  84% used [0x25000000, 0x36715ef8, 0x36716000, 0x3986f000)
 Metaspace       used 93707K, committed 94208K, reserved 98304K
}
Event: 224.410 GC heap before
{Heap before GC invocations=247 (full 8):
 def new generation   total 152320K, used 151114K [0x05000000, 0x0f540000, 0x25000000)
  eden space 135424K, 100% used [0x05000000, 0x0d440000, 0x0d440000)
  from space 16896K,  92% used [0x0e4c0000, 0x0f412aa8, 0x0f540000)
  to   space 16896K,   0% used [0x0d440000, 0x0d440000, 0x0e4c0000)
 tenured generation   total 336316K, used 285783K [0x25000000, 0x3986f000, 0x65000000)
   the space 336316K,  84% used [0x25000000, 0x36715ef8, 0x36716000, 0x3986f000)
 Metaspace       used 93740K, committed 94208K, reserved 98304K
}
Event: 224.444 GC heap after
{Heap after GC invocations=248 (full 8):
 def new generation   total 152320K, used 15338K [0x05000000, 0x0f540000, 0x25000000)
  eden space 135424K,   0% used [0x05000000, 0x05000000, 0x0d440000)
  from space 16896K,  90% used [0x0d440000, 0x0e33abb0, 0x0e4c0000)
  to   space 16896K,   0% used [0x0e4c0000, 0x0e4c0000, 0x0f540000)
 tenured generation   total 336316K, used 300848K [0x25000000, 0x3986f000, 0x65000000)
   the space 336316K,  89% used [0x25000000, 0x375cc258, 0x375cc400, 0x3986f000)
 Metaspace       used 93740K, committed 94208K, reserved 98304K
}
Event: 224.704 GC heap before
{Heap before GC invocations=248 (full 8):
 def new generation   total 152320K, used 150762K [0x05000000, 0x0f540000, 0x25000000)
  eden space 135424K, 100% used [0x05000000, 0x0d440000, 0x0d440000)
  from space 16896K,  90% used [0x0d440000, 0x0e33abb0, 0x0e4c0000)
  to   space 16896K,   0% used [0x0e4c0000, 0x0e4c0000, 0x0f540000)
 tenured generation   total 336316K, used 300848K [0x25000000, 0x3986f000, 0x65000000)
   the space 336316K,  89% used [0x25000000, 0x375cc258, 0x375cc400, 0x3986f000)
 Metaspace       used 93743K, committed 94208K, reserved 98304K
}
Event: 224.737 GC heap after
{Heap after GC invocations=249 (full 8):
 def new generation   total 152320K, used 12974K [0x05000000, 0x0f540000, 0x25000000)
  eden space 135424K,   0% used [0x05000000, 0x05000000, 0x0d440000)
  from space 16896K,  76% used [0x0e4c0000, 0x0f16b9a8, 0x0f540000)
  to   space 16896K,   0% used [0x0d440000, 0x0d440000, 0x0e4c0000)
 tenured generation   total 336316K, used 315526K [0x25000000, 0x3986f000, 0x65000000)
   the space 336316K,  93% used [0x25000000, 0x38421b80, 0x38421c00, 0x3986f000)
 Metaspace       used 93743K, committed 94208K, reserved 98304K
}
Event: 225.154 GC heap before
{Heap before GC invocations=249 (full 8):
 def new generation   total 152320K, used 148398K [0x05000000, 0x0f540000, 0x25000000)
  eden space 135424K, 100% used [0x05000000, 0x0d440000, 0x0d440000)
  from space 16896K,  76% used [0x0e4c0000, 0x0f16b9a8, 0x0f540000)
  to   space 16896K,   0% used [0x0d440000, 0x0d440000, 0x0e4c0000)
 tenured generation   total 336316K, used 315526K [0x25000000, 0x3986f000, 0x65000000)
   the space 336316K,  93% used [0x25000000, 0x38421b80, 0x38421c00, 0x3986f000)
 Metaspace       used 95687K, committed 96192K, reserved 98304K
}
Event: 225.188 GC heap after
{Heap after GC invocations=250 (full 8):
 def new generation   total 152320K, used 12471K [0x05000000, 0x0f540000, 0x25000000)
  eden space 135424K,   0% used [0x05000000, 0x05000000, 0x0d440000)
  from space 16896K,  73% used [0x0d440000, 0x0e06de30, 0x0e4c0000)
  to   space 16896K,   0% used [0x0e4c0000, 0x0e4c0000, 0x0f540000)
 tenured generation   total 336316K, used 328248K [0x25000000, 0x3986f000, 0x65000000)
   the space 336316K,  97% used [0x25000000, 0x3908e0e0, 0x3908e200, 0x3986f000)
 Metaspace       used 95687K, committed 96192K, reserved 98304K
}
Event: 225.577 GC heap before
{Heap before GC invocations=250 (full 8):
 def new generation   total 152320K, used 147895K [0x05000000, 0x0f540000, 0x25000000)
  eden space 135424K, 100% used [0x05000000, 0x0d440000, 0x0d440000)
  from space 16896K,  73% used [0x0d440000, 0x0e06de30, 0x0e4c0000)
  to   space 16896K,   0% used [0x0e4c0000, 0x0e4c0000, 0x0f540000)
 tenured generation   total 336316K, used 328248K [0x25000000, 0x3986f000, 0x65000000)
   the space 336316K,  97% used [0x25000000, 0x3908e0e0, 0x3908e200, 0x3986f000)
 Metaspace       used 95725K, committed 96256K, reserved 98304K
}
Event: 225.602 GC heap after
{Heap after GC invocations=251 (full 8):
 def new generation   total 152320K, used 8425K [0x05000000, 0x0f540000, 0x25000000)
  eden space 135424K,   0% used [0x05000000, 0x05000000, 0x0d440000)
  from space 16896K,  49% used [0x0e4c0000, 0x0ecfa6d8, 0x0f540000)
  to   space 16896K,   0% used [0x0d440000, 0x0d440000, 0x0e4c0000)
 tenured generation   total 337724K, used 337627K [0x25000000, 0x399cf000, 0x65000000)
   the space 337724K,  99% used [0x25000000, 0x399b6ce8, 0x399b6e00, 0x399cf000)
 Metaspace       used 95725K, committed 96256K, reserved 98304K
}
Event: 225.602 GC heap before
{Heap before GC invocations=251 (full 8):
 def new generation   total 152320K, used 8425K [0x05000000, 0x0f540000, 0x25000000)
  eden space 135424K,   0% used [0x05000000, 0x05000000, 0x0d440000)
  from space 16896K,  49% used [0x0e4c0000, 0x0ecfa6d8, 0x0f540000)
  to   space 16896K,   0% used [0x0d440000, 0x0d440000, 0x0e4c0000)
 tenured generation   total 337724K, used 337627K [0x25000000, 0x399cf000, 0x65000000)
   the space 337724K,  99% used [0x25000000, 0x399b6ce8, 0x399b6e00, 0x399cf000)
 Metaspace       used 95725K, committed 96256K, reserved 98304K
}
Event: 225.956 GC heap after
{Heap after GC invocations=251 (full 9):
 def new generation   total 254272K, used 8327K [0x05000000, 0x163e0000, 0x25000000)
  eden space 226048K,   3% used [0x05000000, 0x05821e28, 0x12cc0000)
  from space 28224K,   0% used [0x12cc0000, 0x12cc0000, 0x14850000)
  to   space 28224K,   0% used [0x14850000, 0x14850000, 0x163e0000)
 tenured generation   total 562876K, used 337724K [0x25000000, 0x475af000, 0x65000000)
   the space 562876K,  59% used [0x25000000, 0x399cf000, 0x399cf000, 0x475af000)
 Metaspace       used 95688K, committed 96256K, reserved 98304K
}
Event: 226.748 GC heap before
{Heap before GC invocations=251 (full 9):
 def new generation   total 254272K, used 226048K [0x05000000, 0x163e0000, 0x25000000)
  eden space 226048K, 100% used [0x05000000, 0x12cc0000, 0x12cc0000)
  from space 28224K,   0% used [0x12cc0000, 0x12cc0000, 0x14850000)
  to   space 28224K,   0% used [0x14850000, 0x14850000, 0x163e0000)
 tenured generation   total 562876K, used 337724K [0x25000000, 0x475af000, 0x65000000)
   the space 562876K,  59% used [0x25000000, 0x399cf000, 0x399cf000, 0x475af000)
 Metaspace       used 96615K, committed 97152K, reserved 98304K
}
Event: 226.853 GC heap after
{Heap after GC invocations=252 (full 9):
 def new generation   total 254272K, used 19940K [0x05000000, 0x163e0000, 0x25000000)
  eden space 226048K,   0% used [0x05000000, 0x05000000, 0x12cc0000)
  from space 28224K,  70% used [0x14850000, 0x15bc9198, 0x163e0000)
  to   space 28224K,   0% used [0x12cc0000, 0x12cc0000, 0x14850000)
 tenured generation   total 562876K, used 337724K [0x25000000, 0x475af000, 0x65000000)
   the space 562876K,  59% used [0x25000000, 0x399cf000, 0x399cf000, 0x475af000)
 Metaspace       used 96615K, committed 97152K, reserved 98304K
}

